<?xml version="1.0" encoding="UTF-8"?>
<testng-results ignored="0" total="1" passed="1" failed="0" skipped="0">
  <reporter-output>
  </reporter-output>
  <suite started-at="2026-04-30T16:55:35 CEST" name="Surefire suite" finished-at="2026-04-30T16:55:40 CEST" duration-ms="5366">
    <groups>
    </groups>
    <test started-at="2026-04-30T16:55:35 CEST" name="Surefire test" finished-at="2026-04-30T16:55:40 CEST" duration-ms="5366">
      <class name="com.ecommerce.framework.tests.LoginTest">
        <test-method signature="launchSite()[pri:0, instance:com.ecommerce.framework.tests.LoginTest@4461c7e3]" started-at="2026-04-30T16:55:35 CEST" name="launchSite" finished-at="2026-04-30T16:55:40 CEST" duration-ms="5353" status="PASS">
          <reporter-output>
          </reporter-output>
        </test-method> <!-- launchSite -->
      </class> <!-- com.ecommerce.framework.tests.LoginTest -->
    </test> <!-- Surefire test -->
  </suite> <!-- Surefire suite -->
</testng-results>
